<?xml version="1.0" encoding="UTF-8"?>
<testng-results skipped="0" failed="0" ignored="0" total="4" passed="4">
  <reporter-output>
  </reporter-output>
  <suite name="Default suite" duration-ms="6120" started-at="2020-09-22T01:28:04Z" finished-at="2020-09-22T01:28:10Z">
    <groups>
    </groups>
    <test name="Default test" duration-ms="6120" started-at="2020-09-22T01:28:04Z" finished-at="2020-09-22T01:28:10Z">
      <class name="Test01_GET">
        <test-method status="PASS" signature="test_01()[pri:0, instance:Test01_GET@482f8f11]" name="test_01" duration-ms="3800" started-at="2020-09-22T01:28:04Z" finished-at="2020-09-22T01:28:08Z">
          <reporter-output>
          </reporter-output>
        </test-method> <!-- test_01 -->
        <test-method status="PASS" signature="test_02()[pri:0, instance:Test01_GET@482f8f11]" name="test_02" duration-ms="1709" started-at="2020-09-22T01:28:08Z" finished-at="2020-09-22T01:28:09Z">
          <reporter-output>
          </reporter-output>
        </test-method> <!-- test_02 -->
        <test-method status="PASS" signature="test_03()[pri:0, instance:Test01_GET@482f8f11]" name="test_03" duration-ms="306" started-at="2020-09-22T01:28:09Z" finished-at="2020-09-22T01:28:10Z">
          <reporter-output>
          </reporter-output>
        </test-method> <!-- test_03 -->
        <test-method status="PASS" signature="test_04()[pri:0, instance:Test01_GET@482f8f11]" name="test_04" duration-ms="242" started-at="2020-09-22T01:28:10Z" finished-at="2020-09-22T01:28:10Z">
          <reporter-output>
          </reporter-output>
        </test-method> <!-- test_04 -->
      </class> <!-- Test01_GET -->
    </test> <!-- Default test -->
  </suite> <!-- Default suite -->
</testng-results>
