<?xml version="1.0" encoding="UTF-8"?>
<testng-results skipped="0" failed="0" ignored="0" total="2" passed="2">
  <reporter-output>
  </reporter-output>
  <suite name="Default suite" duration-ms="8164" started-at="2020-09-21T21:03:50Z" finished-at="2020-09-21T21:03:58Z">
    <groups>
    </groups>
    <test name="Default test" duration-ms="8164" started-at="2020-09-21T21:03:50Z" finished-at="2020-09-21T21:03:58Z">
      <class name="Test01_GET">
        <test-method status="PASS" signature="test_01()[pri:0, instance:Test01_GET@482f8f11]" name="test_01" duration-ms="6409" started-at="2020-09-21T21:03:50Z" finished-at="2020-09-21T21:03:56Z">
          <reporter-output>
          </reporter-output>
        </test-method> <!-- test_01 -->
        <test-method status="PASS" signature="test_02()[pri:0, instance:Test01_GET@482f8f11]" name="test_02" duration-ms="1644" started-at="2020-09-21T21:03:56Z" finished-at="2020-09-21T21:03:58Z">
          <reporter-output>
          </reporter-output>
        </test-method> <!-- test_02 -->
      </class> <!-- Test01_GET -->
    </test> <!-- Default test -->
  </suite> <!-- Default suite -->
</testng-results>
